<?xml version="1.0" encoding="UTF-8"?>
<!-- Generated by org.testng.reporters.JUnitXMLReporter -->
<testsuite ignored="0" hostname="inlen8520028552" failures="4" tests="4" name="Default test(failed)" time="7.303" errors="0" timestamp="2023-09-22T01:19:16 IST">
  <testcase classname="io.cucumber.testng.AbstractTestNGCucumberTests" name="runScenario" time="6.135">
    <failure type="java.lang.Error" message="Unresolved compilation problem: 
	The local variable filecontent may not have been initialized
">
      <![CDATA[java.lang.Error: Unresolved compilation problem: 
The local variable filecontent may not have been initialized

at StepDefinitions.Hooks.takefailedscreenshot(Hooks.java:41)
]]>
    </failure>
  </testcase> <!-- runScenario -->
  <testcase classname="io.cucumber.testng.AbstractTestNGCucumberTests" name="runScenario" time="6.136">
    <failure type="java.lang.Error" message="Unresolved compilation problem: 
	The local variable filecontent may not have been initialized
">
      <![CDATA[java.lang.Error: Unresolved compilation problem: 
The local variable filecontent may not have been initialized

at StepDefinitions.Hooks.takefailedscreenshot(Hooks.java:41)
]]>
    </failure>
  </testcase> <!-- runScenario -->
  <testcase classname="io.cucumber.testng.AbstractTestNGCucumberTests" name="runScenario" time="6.136">
    <failure type="java.lang.Error" message="Unresolved compilation problem: 
	The local variable filecontent may not have been initialized
">
      <![CDATA[java.lang.Error: Unresolved compilation problem: 
The local variable filecontent may not have been initialized

at StepDefinitions.Hooks.takefailedscreenshot(Hooks.java:41)
]]>
    </failure>
  </testcase> <!-- runScenario -->
  <testcase classname="io.cucumber.testng.AbstractTestNGCucumberTests" name="runScenario" time="6.323">
    <failure type="java.lang.Error" message="Unresolved compilation problem: 
	The local variable filecontent may not have been initialized
">
      <![CDATA[java.lang.Error: Unresolved compilation problem: 
The local variable filecontent may not have been initialized

at StepDefinitions.Hooks.takefailedscreenshot(Hooks.java:41)
]]>
    </failure>
  </testcase> <!-- runScenario -->
</testsuite> <!-- Default test(failed) -->
